srun: Loaded geopm plugin.
 /home/mw922/Sanquin_NHSBT_bloodmatching/minrar_single.py:138: RuntimeWarning:Chained matrix multiplications of MVars is inefficient, collect numeric terms first when building expressions
 /home/mw922/Sanquin_NHSBT_bloodmatching/minrar_single.py:138: RuntimeWarning:Chained matrix multiplications of MVars is inefficient, collect numeric terms first when building expressions
 /home/mw922/Sanquin_NHSBT_bloodmatching/minrar_single.py:138: RuntimeWarning:Chained matrix multiplications of MVars is inefficient, collect numeric terms first when building expressions
 /home/mw922/Sanquin_NHSBT_bloodmatching/minrar_single.py:138: RuntimeWarning:Chained matrix multiplications of MVars is inefficient, collect numeric terms first when building expressions
 /home/mw922/Sanquin_NHSBT_bloodmatching/minrar_single.py:138: RuntimeWarning:Chained matrix multiplications of MVars is inefficient, collect numeric terms first when building expressions
 /home/mw922/Sanquin_NHSBT_bloodmatching/minrar_single.py:138: RuntimeWarning:Chained matrix multiplications of MVars is inefficient, collect numeric terms first when building expressions
 /home/mw922/Sanquin_NHSBT_bloodmatching/minrar_single.py:138: RuntimeWarning:Chained matrix multiplications of MVars is inefficient, collect numeric terms first when building expressions
 /home/mw922/Sanquin_NHSBT_bloodmatching/minrar_single.py:138: RuntimeWarning:Chained matrix multiplications of MVars is inefficient, collect numeric terms first when building expressions
 /home/mw922/Sanquin_NHSBT_bloodmatching/minrar_single.py:138: RuntimeWarning:Chained matrix multiplications of MVars is inefficient, collect numeric terms first when building expressions
 /home/mw922/Sanquin_NHSBT_bloodmatching/minrar_single.py:138: RuntimeWarning:Chained matrix multiplications of MVars is inefficient, collect numeric terms first when building expressions
 /home/mw922/Sanquin_NHSBT_bloodmatching/minrar_single.py:138: RuntimeWarning:Chained matrix multiplications of MVars is inefficient, collect numeric terms first when building expressions
 /home/mw922/Sanquin_NHSBT_bloodmatching/minrar_single.py:138: RuntimeWarning:Chained matrix multiplications of MVars is inefficient, collect numeric terms first when building expressions
 /home/mw922/Sanquin_NHSBT_bloodmatching/minrar_single.py:138: RuntimeWarning:Chained matrix multiplications of MVars is inefficient, collect numeric terms first when building expressions
 /home/mw922/Sanquin_NHSBT_bloodmatching/minrar_single.py:138: RuntimeWarning:Chained matrix multiplications of MVars is inefficient, collect numeric terms first when building expressions
 /home/mw922/Sanquin_NHSBT_bloodmatching/minrar_single.py:138: RuntimeWarning:Chained matrix multiplications of MVars is inefficient, collect numeric terms first when building expressions
 /home/mw922/Sanquin_NHSBT_bloodmatching/minrar_single.py:138: RuntimeWarning:Chained matrix multiplications of MVars is inefficient, collect numeric terms first when building expressions
 /home/mw922/Sanquin_NHSBT_bloodmatching/minrar_single.py:138: RuntimeWarning:Chained matrix multiplications of MVars is inefficient, collect numeric terms first when building expressions
 /home/mw922/Sanquin_NHSBT_bloodmatching/minrar_single.py:138: RuntimeWarning:Chained matrix multiplications of MVars is inefficient, collect numeric terms first when building expressions
 /home/mw922/Sanquin_NHSBT_bloodmatching/minrar_single.py:138: RuntimeWarning:Chained matrix multiplications of MVars is inefficient, collect numeric terms first when building expressions
 /home/mw922/Sanquin_NHSBT_bloodmatching/minrar_single.py:138: RuntimeWarning:Chained matrix multiplications of MVars is inefficient, collect numeric terms first when building expressions
 /home/mw922/Sanquin_NHSBT_bloodmatching/minrar_single.py:138: RuntimeWarning:Chained matrix multiplications of MVars is inefficient, collect numeric terms first when building expressions
 /home/mw922/Sanquin_NHSBT_bloodmatching/minrar_single.py:138: RuntimeWarning:Chained matrix multiplications of MVars is inefficient, collect numeric terms first when building expressions
 /home/mw922/Sanquin_NHSBT_bloodmatching/minrar_single.py:138: RuntimeWarning:Chained matrix multiplications of MVars is inefficient, collect numeric terms first when building expressions
 /home/mw922/Sanquin_NHSBT_bloodmatching/minrar_single.py:138: RuntimeWarning:Chained matrix multiplications of MVars is inefficient, collect numeric terms first when building expressions
 /home/mw922/Sanquin_NHSBT_bloodmatching/minrar_single.py:138: RuntimeWarning:Chained matrix multiplications of MVars is inefficient, collect numeric terms first when building expressions
 /home/mw922/Sanquin_NHSBT_bloodmatching/minrar_single.py:138: RuntimeWarning:Chained matrix multiplications of MVars is inefficient, collect numeric terms first when building expressions
 /home/mw922/Sanquin_NHSBT_bloodmatching/minrar_single.py:138: RuntimeWarning:Chained matrix multiplications of MVars is inefficient, collect numeric terms first when building expressions
 /home/mw922/Sanquin_NHSBT_bloodmatching/minrar_single.py:138: RuntimeWarning:Chained matrix multiplications of MVars is inefficient, collect numeric terms first when building expressions
 /home/mw922/Sanquin_NHSBT_bloodmatching/minrar_single.py:138: RuntimeWarning:Chained matrix multiplications of MVars is inefficient, collect numeric terms first when building expressions
 /home/mw922/Sanquin_NHSBT_bloodmatching/minrar_single.py:138: RuntimeWarning:Chained matrix multiplications of MVars is inefficient, collect numeric terms first when building expressions
 /home/mw922/Sanquin_NHSBT_bloodmatching/minrar_single.py:138: RuntimeWarning:Chained matrix multiplications of MVars is inefficient, collect numeric terms first when building expressions
 /home/mw922/Sanquin_NHSBT_bloodmatching/minrar_single.py:138: RuntimeWarning:Chained matrix multiplications of MVars is inefficient, collect numeric terms first when building expressions
 /home/mw922/Sanquin_NHSBT_bloodmatching/minrar_single.py:138: RuntimeWarning:Chained matrix multiplications of MVars is inefficient, collect numeric terms first when building expressions
 /home/mw922/Sanquin_NHSBT_bloodmatching/minrar_single.py:138: RuntimeWarning:Chained matrix multiplications of MVars is inefficient, collect numeric terms first when building expressions
 /home/mw922/Sanquin_NHSBT_bloodmatching/minrar_single.py:138: RuntimeWarning:Chained matrix multiplications of MVars is inefficient, collect numeric terms first when building expressions
 /home/mw922/Sanquin_NHSBT_bloodmatching/minrar_single.py:138: RuntimeWarning:Chained matrix multiplications of MVars is inefficient, collect numeric terms first when building expressions
 /home/mw922/Sanquin_NHSBT_bloodmatching/minrar_single.py:138: RuntimeWarning:Chained matrix multiplications of MVars is inefficient, collect numeric terms first when building expressions
 /home/mw922/Sanquin_NHSBT_bloodmatching/minrar_single.py:138: RuntimeWarning:Chained matrix multiplications of MVars is inefficient, collect numeric terms first when building expressions
 /home/mw922/Sanquin_NHSBT_bloodmatching/minrar_single.py:138: RuntimeWarning:Chained matrix multiplications of MVars is inefficient, collect numeric terms first when building expressions
 /home/mw922/Sanquin_NHSBT_bloodmatching/minrar_single.py:138: RuntimeWarning:Chained matrix multiplications of MVars is inefficient, collect numeric terms first when building expressions
 /home/mw922/Sanquin_NHSBT_bloodmatching/minrar_single.py:138: RuntimeWarning:Chained matrix multiplications of MVars is inefficient, collect numeric terms first when building expressions
 /home/mw922/Sanquin_NHSBT_bloodmatching/minrar_single.py:138: RuntimeWarning:Chained matrix multiplications of MVars is inefficient, collect numeric terms first when building expressions
 /home/mw922/Sanquin_NHSBT_bloodmatching/minrar_single.py:138: RuntimeWarning:Chained matrix multiplications of MVars is inefficient, collect numeric terms first when building expressions
 /home/mw922/Sanquin_NHSBT_bloodmatching/minrar_single.py:138: RuntimeWarning:Chained matrix multiplications of MVars is inefficient, collect numeric terms first when building expressions
 /home/mw922/Sanquin_NHSBT_bloodmatching/minrar_single.py:138: RuntimeWarning:Chained matrix multiplications of MVars is inefficient, collect numeric terms first when building expressions
 /home/mw922/Sanquin_NHSBT_bloodmatching/minrar_single.py:138: RuntimeWarning:Chained matrix multiplications of MVars is inefficient, collect numeric terms first when building expressions
 /home/mw922/Sanquin_NHSBT_bloodmatching/minrar_single.py:138: RuntimeWarning:Chained matrix multiplications of MVars is inefficient, collect numeric terms first when building expressions
 /home/mw922/Sanquin_NHSBT_bloodmatching/minrar_single.py:138: RuntimeWarning:Chained matrix multiplications of MVars is inefficient, collect numeric terms first when building expressions
 /home/mw922/Sanquin_NHSBT_bloodmatching/minrar_single.py:138: RuntimeWarning:Chained matrix multiplications of MVars is inefficient, collect numeric terms first when building expressions
 /home/mw922/Sanquin_NHSBT_bloodmatching/minrar_single.py:138: RuntimeWarning:Chained matrix multiplications of MVars is inefficient, collect numeric terms first when building expressions
 /home/mw922/Sanquin_NHSBT_bloodmatching/minrar_single.py:138: RuntimeWarning:Chained matrix multiplications of MVars is inefficient, collect numeric terms first when building expressions
 /home/mw922/Sanquin_NHSBT_bloodmatching/minrar_single.py:138: RuntimeWarning:Chained matrix multiplications of MVars is inefficient, collect numeric terms first when building expressions
 /home/mw922/Sanquin_NHSBT_bloodmatching/minrar_single.py:138: RuntimeWarning:Chained matrix multiplications of MVars is inefficient, collect numeric terms first when building expressions
 /home/mw922/Sanquin_NHSBT_bloodmatching/minrar_single.py:138: RuntimeWarning:Chained matrix multiplications of MVars is inefficient, collect numeric terms first when building expressions
 /home/mw922/Sanquin_NHSBT_bloodmatching/minrar_single.py:138: RuntimeWarning:Chained matrix multiplications of MVars is inefficient, collect numeric terms first when building expressions
 /home/mw922/Sanquin_NHSBT_bloodmatching/minrar_single.py:138: RuntimeWarning:Chained matrix multiplications of MVars is inefficient, collect numeric terms first when building expressions
 /home/mw922/Sanquin_NHSBT_bloodmatching/minrar_single.py:138: RuntimeWarning:Chained matrix multiplications of MVars is inefficient, collect numeric terms first when building expressions
 /home/mw922/Sanquin_NHSBT_bloodmatching/minrar_single.py:138: RuntimeWarning:Chained matrix multiplications of MVars is inefficient, collect numeric terms first when building expressions
 /home/mw922/Sanquin_NHSBT_bloodmatching/minrar_single.py:138: RuntimeWarning:Chained matrix multiplications of MVars is inefficient, collect numeric terms first when building expressions
 /home/mw922/Sanquin_NHSBT_bloodmatching/minrar_single.py:138: RuntimeWarning:Chained matrix multiplications of MVars is inefficient, collect numeric terms first when building expressions
 /home/mw922/Sanquin_NHSBT_bloodmatching/minrar_single.py:138: RuntimeWarning:Chained matrix multiplications of MVars is inefficient, collect numeric terms first when building expressions
 /home/mw922/Sanquin_NHSBT_bloodmatching/minrar_single.py:138: RuntimeWarning:Chained matrix multiplications of MVars is inefficient, collect numeric terms first when building expressions
 /home/mw922/Sanquin_NHSBT_bloodmatching/minrar_single.py:138: RuntimeWarning:Chained matrix multiplications of MVars is inefficient, collect numeric terms first when building expressions
 /home/mw922/Sanquin_NHSBT_bloodmatching/minrar_single.py:138: RuntimeWarning:Chained matrix multiplications of MVars is inefficient, collect numeric terms first when building expressions
 /home/mw922/Sanquin_NHSBT_bloodmatching/minrar_single.py:138: RuntimeWarning:Chained matrix multiplications of MVars is inefficient, collect numeric terms first when building expressions
 /home/mw922/Sanquin_NHSBT_bloodmatching/minrar_single.py:138: RuntimeWarning:Chained matrix multiplications of MVars is inefficient, collect numeric terms first when building expressions
 /home/mw922/Sanquin_NHSBT_bloodmatching/minrar_single.py:138: RuntimeWarning:Chained matrix multiplications of MVars is inefficient, collect numeric terms first when building expressions
 /home/mw922/Sanquin_NHSBT_bloodmatching/minrar_single.py:138: RuntimeWarning:Chained matrix multiplications of MVars is inefficient, collect numeric terms first when building expressions
 /home/mw922/Sanquin_NHSBT_bloodmatching/minrar_single.py:138: RuntimeWarning:Chained matrix multiplications of MVars is inefficient, collect numeric terms first when building expressions
 /home/mw922/Sanquin_NHSBT_bloodmatching/minrar_single.py:138: RuntimeWarning:Chained matrix multiplications of MVars is inefficient, collect numeric terms first when building expressions
 /home/mw922/Sanquin_NHSBT_bloodmatching/minrar_single.py:138: RuntimeWarning:Chained matrix multiplications of MVars is inefficient, collect numeric terms first when building expressions
 /home/mw922/Sanquin_NHSBT_bloodmatching/minrar_single.py:138: RuntimeWarning:Chained matrix multiplications of MVars is inefficient, collect numeric terms first when building expressions
 /home/mw922/Sanquin_NHSBT_bloodmatching/minrar_single.py:138: RuntimeWarning:Chained matrix multiplications of MVars is inefficient, collect numeric terms first when building expressions
 /home/mw922/Sanquin_NHSBT_bloodmatching/minrar_single.py:138: RuntimeWarning:Chained matrix multiplications of MVars is inefficient, collect numeric terms first when building expressions
 /home/mw922/Sanquin_NHSBT_bloodmatching/minrar_single.py:138: RuntimeWarning:Chained matrix multiplications of MVars is inefficient, collect numeric terms first when building expressions
 /home/mw922/Sanquin_NHSBT_bloodmatching/minrar_single.py:138: RuntimeWarning:Chained matrix multiplications of MVars is inefficient, collect numeric terms first when building expressions
 /home/mw922/Sanquin_NHSBT_bloodmatching/minrar_single.py:138: RuntimeWarning:Chained matrix multiplications of MVars is inefficient, collect numeric terms first when building expressions
 /home/mw922/Sanquin_NHSBT_bloodmatching/minrar_single.py:138: RuntimeWarning:Chained matrix multiplications of MVars is inefficient, collect numeric terms first when building expressions
 /home/mw922/Sanquin_NHSBT_bloodmatching/minrar_single.py:138: RuntimeWarning:Chained matrix multiplications of MVars is inefficient, collect numeric terms first when building expressions
 /home/mw922/Sanquin_NHSBT_bloodmatching/minrar_single.py:138: RuntimeWarning:Chained matrix multiplications of MVars is inefficient, collect numeric terms first when building expressions
 /home/mw922/Sanquin_NHSBT_bloodmatching/minrar_single.py:138: RuntimeWarning:Chained matrix multiplications of MVars is inefficient, collect numeric terms first when building expressions
 /home/mw922/Sanquin_NHSBT_bloodmatching/minrar_single.py:138: RuntimeWarning:Chained matrix multiplications of MVars is inefficient, collect numeric terms first when building expressions
 /home/mw922/Sanquin_NHSBT_bloodmatching/minrar_single.py:138: RuntimeWarning:Chained matrix multiplications of MVars is inefficient, collect numeric terms first when building expressions
 /home/mw922/Sanquin_NHSBT_bloodmatching/minrar_single.py:138: RuntimeWarning:Chained matrix multiplications of MVars is inefficient, collect numeric terms first when building expressions
 /home/mw922/Sanquin_NHSBT_bloodmatching/minrar_single.py:138: RuntimeWarning:Chained matrix multiplications of MVars is inefficient, collect numeric terms first when building expressions
 /home/mw922/Sanquin_NHSBT_bloodmatching/minrar_single.py:138: RuntimeWarning:Chained matrix multiplications of MVars is inefficient, collect numeric terms first when building expressions
 /home/mw922/Sanquin_NHSBT_bloodmatching/minrar_single.py:138: RuntimeWarning:Chained matrix multiplications of MVars is inefficient, collect numeric terms first when building expressions
 /home/mw922/Sanquin_NHSBT_bloodmatching/minrar_single.py:138: RuntimeWarning:Chained matrix multiplications of MVars is inefficient, collect numeric terms first when building expressions
 /home/mw922/Sanquin_NHSBT_bloodmatching/minrar_single.py:138: RuntimeWarning:Chained matrix multiplications of MVars is inefficient, collect numeric terms first when building expressions
 /home/mw922/Sanquin_NHSBT_bloodmatching/minrar_single.py:138: RuntimeWarning:Chained matrix multiplications of MVars is inefficient, collect numeric terms first when building expressions
 /home/mw922/Sanquin_NHSBT_bloodmatching/minrar_single.py:138: RuntimeWarning:Chained matrix multiplications of MVars is inefficient, collect numeric terms first when building expressions
 /home/mw922/Sanquin_NHSBT_bloodmatching/minrar_single.py:138: RuntimeWarning:Chained matrix multiplications of MVars is inefficient, collect numeric terms first when building expressions
 /home/mw922/Sanquin_NHSBT_bloodmatching/minrar_single.py:138: RuntimeWarning:Chained matrix multiplications of MVars is inefficient, collect numeric terms first when building expressions
 /home/mw922/Sanquin_NHSBT_bloodmatching/minrar_single.py:138: RuntimeWarning:Chained matrix multiplications of MVars is inefficient, collect numeric terms first when building expressions
 /home/mw922/Sanquin_NHSBT_bloodmatching/minrar_single.py:138: RuntimeWarning:Chained matrix multiplications of MVars is inefficient, collect numeric terms first when building expressions
 /home/mw922/Sanquin_NHSBT_bloodmatching/minrar_single.py:138: RuntimeWarning:Chained matrix multiplications of MVars is inefficient, collect numeric terms first when building expressions
 /home/mw922/Sanquin_NHSBT_bloodmatching/minrar_single.py:138: RuntimeWarning:Chained matrix multiplications of MVars is inefficient, collect numeric terms first when building expressions
 /home/mw922/Sanquin_NHSBT_bloodmatching/minrar_single.py:138: RuntimeWarning:Chained matrix multiplications of MVars is inefficient, collect numeric terms first when building expressions
 /home/mw922/Sanquin_NHSBT_bloodmatching/minrar_single.py:138: RuntimeWarning:Chained matrix multiplications of MVars is inefficient, collect numeric terms first when building expressions
 /home/mw922/Sanquin_NHSBT_bloodmatching/minrar_single.py:138: RuntimeWarning:Chained matrix multiplications of MVars is inefficient, collect numeric terms first when building expressions
multiprocessing.pool.RemoteTraceback: 
"""
Traceback (most recent call last):
  File "/home/mw922/.pyenv/versions/3.9.16/lib/python3.9/multiprocessing/pool.py", line 125, in worker
    result = (True, func(*args, **kwds))
  File "/home/mw922/.pyenv/versions/3.9.16/lib/python3.9/multiprocessing/pool.py", line 51, in starmapstar
    return list(itertools.starmap(args[0], args[1]))
  File "/home/mw922/Sanquin_NHSBT_bloodmatching/simulation.py", line 87, in simulate_episode_single
    logs, issuing_age, x = simulate_day_single(SETTINGS, PARAMS, obj_params, logs, issuing_age, dc, hospital, e, day, x)
  File "/home/mw922/Sanquin_NHSBT_bloodmatching/simulation.py", line 190, in simulate_day_single
    gurobi_logs, x = minrar_single_hospital(SETTINGS, PARAMS, obj_params, hospital, I, R, day, e, x)
  File "/home/mw922/Sanquin_NHSBT_bloodmatching/minrar_single.py", line 138, in minrar_single_hospital
    model.addConstr(grb.quicksum(Iv * ((x * IR_SCD) @ Rm.T)) <= SETTINGS.ub_mism_units)
  File "src/gurobipy/mlinexpr.pxi", line 1820, in gurobipy.MLinExpr.__matmul__
  File "src/gurobipy/mlinexpr.pxi", line 1890, in gurobipy.MLinExpr._matmul_full_spmatrix_or_ndarray
  File "src/gurobipy/util.pxi", line 83, in gurobipy._matmul_shape
ValueError: Mismatching inner dimensions 342 vs. 15
"""

The above exception was the direct cause of the following exception:

Traceback (most recent call last):
  File "/home/mw922/Sanquin_NHSBT_bloodmatching/main.py", line 108, in <module>
    main()
  File "/home/mw922/Sanquin_NHSBT_bloodmatching/main.py", line 81, in main
    simulation(SETTINGS, PARAMS)
  File "/home/mw922/Sanquin_NHSBT_bloodmatching/simulation.py", line 46, in simulation
    pool.starmap(simulate_episode_single, [(SETTINGS, PARAMS, htype, e) for e in episodes_for_execution])
  File "/home/mw922/.pyenv/versions/3.9.16/lib/python3.9/multiprocessing/pool.py", line 372, in starmap
    return self._map_async(func, iterable, starmapstar, chunksize).get()
  File "/home/mw922/.pyenv/versions/3.9.16/lib/python3.9/multiprocessing/pool.py", line 771, in get
    raise self._value
ValueError: Mismatching inner dimensions 342 vs. 15
srun: error: cpu-q-382: task 0: Exited with exit code 1
